VS2010/EIAS/EIAS.Android2.0/Code/proguard-project.txt
# To enable ProGuard in your project, edit project.properties
# to define the proguard.config property as described in that file.
#
# Add project specific ProGuard rules here.
# By default, the flags in this file are appended to flags specified
# in ${sdk.dir}/tools/proguard/proguard-android.txt
# You can edit the include path and order by changing the ProGuard
# include property in project.properties.
#
# For more details, see
#   http://developer.android.com/guide/developing/tools/proguard.html

# Add any project specific keep options here:

# If your project uses WebView with JS, uncomment the following
# and specify the fully qualified class name to the JavaScript interface
# class:

-libraryjars libs/android-support-v4.jar
-libraryjars libs/baidumapapi_v3_3_0.jar
-libraryjars libs/picasso-2.4.0.jar
-libraryjars libs/httpmime-4.1.1.jar
-libraryjars libs/universal-image-loader-1.9.3.jar
-keep class com.baidu.** {*;}
-keep class vi.com.gdi.bgl.android.**{*;}
-libraryjars libs/locSDK_4.1.jar


-keep class org.xmlpull.** {*;}

-dontwarn android.**
-keep class android.** { *; }
-keep class uk.co.senab.** { *; }

-keepattributes Signature
-dontskipnonpubliclibraryclassmembers
-dontskipnonpubliclibraryclasses
-keep public class * extends android.**
-keepclassmembers class * {
   public *;
   
}
-keepclasseswithmembers class *{
    public *;
}
-keepclassmembers enum * {
    public static **[] values();
    public static ** valueOf(java.lang.String);
}

-keepattributes SourceFile,LineNumberTable
-keep class com.parse.*{ *; }
-dontwarn com.parse.**
-dontwarn com.squareup.picasso.**
-keepclasseswithmembernames class * 
{    
	native <methods>;
}

-dontusemixedcaseclassnames  
-dontskipnonpubliclibraryclasses  
-verbose  
-ignorewarnings 