VS2010/EIAS/EIAS.Android2.0/Code/proguard/seeds.txt
com.yunfang.eias.BuildConfig
com.yunfang.eias.BuildConfig: boolean DEBUG
com.yunfang.eias.BuildConfig: BuildConfig()
com.yunfang.eias.Manifest: Manifest()
com.yunfang.eias.Manifest$permission
com.yunfang.eias.Manifest$permission: java.lang.String BAIDU_LOCATION_SERVICE
com.yunfang.eias.Manifest$permission: Manifest$permission()
com.yunfang.eias.R: R()
com.yunfang.eias.R$anim
com.yunfang.eias.R$anim: int camera_focusview_show
com.yunfang.eias.R$anim: int camera_tempview_show
com.yunfang.eias.R$anim: int enter_anim
com.yunfang.eias.R$anim: int exit_anim
com.yunfang.eias.R$anim: int popupwindow_enter
com.yunfang.eias.R$anim: int popupwindow_exit
com.yunfang.eias.R$anim: int progress_round
com.yunfang.eias.R$anim: int push_bottom_in
com.yunfang.eias.R$anim: int push_bottom_out
com.yunfang.eias.R$anim: int reverse_anim
com.yunfang.eias.R$anim: int rotating
com.yunfang.eias.R$anim: int slide_bottom_in
com.yunfang.eias.R$anim: int slide_left_in
com.yunfang.eias.R$anim: int slide_left_out
com.yunfang.eias.R$anim: int slide_right_in
com.yunfang.eias.R$anim: int slide_right_out
com.yunfang.eias.R$anim: int slide_top_out
com.yunfang.eias.R$anim: R$anim()
com.yunfang.eias.R$array
com.yunfang.eias.R$array: int open_dialog_hubby
com.yunfang.eias.R$array: int open_dialog_menu1
com.yunfang.eias.R$array: int open_dialog_menu2
com.yunfang.eias.R$array: int photo_item_select
com.yunfang.eias.R$array: int photo_select
com.yunfang.eias.R$array: int record_select
com.yunfang.eias.R$array: int video_select
com.yunfang.eias.R$array: R$array()
com.yunfang.eias.R$attr
com.yunfang.eias.R$attr: int animat_id
com.yunfang.eias.R$attr: int border_inside_color
com.yunfang.eias.R$attr: int border_outside_color
com.yunfang.eias.R$attr: int border_thickness
com.yunfang.eias.R$attr: int drag_edge
com.yunfang.eias.R$attr: int edgeSlide
com.yunfang.eias.R$attr: int edgeSlideWidth
com.yunfang.eias.R$attr: int editText
com.yunfang.eias.R$attr: int focus_fail_id
com.yunfang.eias.R$attr: int focus_focusing_id
com.yunfang.eias.R$attr: int focus_success_id
com.yunfang.eias.R$attr: int interpolator
com.yunfang.eias.R$attr: int layout_role
com.yunfang.eias.R$attr: int mapMaxZoomSize
com.yunfang.eias.R$attr: int mapMinZoomSize
com.yunfang.eias.R$attr: int mapZoomSize
com.yunfang.eias.R$attr: int primaryShadowDrawable
com.yunfang.eias.R$attr: int primaryShadowWidth
com.yunfang.eias.R$attr: int scatterPieSize
com.yunfang.eias.R$attr: int secondaryShadowWidth
com.yunfang.eias.R$attr: int selectPoint
com.yunfang.eias.R$attr: int sencondaryShadowDrawable
com.yunfang.eias.R$attr: int showAddressControl
com.yunfang.eias.R$attr: int showBaiduLogo
com.yunfang.eias.R$attr: int showResetloc
com.yunfang.eias.R$attr: int showScaleControl
com.yunfang.eias.R$attr: int showZoomControls
com.yunfang.eias.R$attr: int show_mode
com.yunfang.eias.R$attr: int showlocFollowing
com.yunfang.eias.R$attr: int slideDirection
com.yunfang.eias.R$attr: int slideMenuStyle
com.yunfang.eias.R$attr: R$attr()
...
org.ksoap2.transport.HttpResponseException: HttpResponseException(int)
org.ksoap2.transport.HttpResponseException: HttpResponseException(java.lang.String,int)
org.ksoap2.transport.HttpResponseException: HttpResponseException(java.lang.String,java.lang.Throwable,int)
org.ksoap2.transport.HttpResponseException: HttpResponseException(java.lang.Throwable,int)
org.ksoap2.transport.HttpResponseException: int getStatusCode()
org.ksoap2.transport.HttpTransportSE: HttpTransportSE(java.lang.String)
org.ksoap2.transport.HttpTransportSE: HttpTransportSE(java.net.Proxy,java.lang.String)
org.ksoap2.transport.HttpTransportSE: HttpTransportSE(java.lang.String,int)
org.ksoap2.transport.HttpTransportSE: HttpTransportSE(java.net.Proxy,java.lang.String,int)
org.ksoap2.transport.HttpTransportSE: HttpTransportSE(java.lang.String,int,int)
org.ksoap2.transport.HttpTransportSE: HttpTransportSE(java.net.Proxy,java.lang.String,int,int)
org.ksoap2.transport.HttpTransportSE: void call(java.lang.String,org.ksoap2.SoapEnvelope)
org.ksoap2.transport.HttpTransportSE: java.util.List call(java.lang.String,org.ksoap2.SoapEnvelope,java.util.List)
org.ksoap2.transport.HttpTransportSE: java.util.List call(java.lang.String,org.ksoap2.SoapEnvelope,java.util.List,java.io.File)
org.ksoap2.transport.HttpTransportSE: org.ksoap2.transport.ServiceConnection getServiceConnection()
org.ksoap2.transport.HttpsServiceConnectionSE: HttpsServiceConnectionSE(java.lang.String,int,java.lang.String,int)
org.ksoap2.transport.HttpsServiceConnectionSE: HttpsServiceConnectionSE(java.net.Proxy,java.lang.String,int,java.lang.String,int)
org.ksoap2.transport.HttpsServiceConnectionSE: void connect()
org.ksoap2.transport.HttpsServiceConnectionSE: void disconnect()
org.ksoap2.transport.HttpsServiceConnectionSE: java.util.List getResponseProperties()
org.ksoap2.transport.HttpsServiceConnectionSE: int getResponseCode()
org.ksoap2.transport.HttpsServiceConnectionSE: void setRequestProperty(java.lang.String,java.lang.String)
org.ksoap2.transport.HttpsServiceConnectionSE: void setRequestMethod(java.lang.String)
org.ksoap2.transport.HttpsServiceConnectionSE: void setFixedLengthStreamingMode(int)
org.ksoap2.transport.HttpsServiceConnectionSE: java.io.OutputStream openOutputStream()
org.ksoap2.transport.HttpsServiceConnectionSE: java.io.InputStream openInputStream()
org.ksoap2.transport.HttpsServiceConnectionSE: java.io.InputStream getErrorStream()
org.ksoap2.transport.HttpsServiceConnectionSE: java.lang.String getHost()
org.ksoap2.transport.HttpsServiceConnectionSE: int getPort()
org.ksoap2.transport.HttpsServiceConnectionSE: java.lang.String getPath()
org.ksoap2.transport.HttpsServiceConnectionSE: void setSSLSocketFactory(javax.net.ssl.SSLSocketFactory)
org.ksoap2.transport.HttpsServiceConnectionSEIgnoringConnectionClose: HttpsServiceConnectionSEIgnoringConnectionClose(java.lang.String,int,java.lang.String,int)
org.ksoap2.transport.HttpsServiceConnectionSEIgnoringConnectionClose: void setRequestProperty(java.lang.String,java.lang.String)
org.ksoap2.transport.HttpsTransportSE: HttpsTransportSE(java.lang.String,int,java.lang.String,int)
org.ksoap2.transport.HttpsTransportSE: HttpsTransportSE(java.net.Proxy,java.lang.String,int,java.lang.String,int)
org.ksoap2.transport.HttpsTransportSE: org.ksoap2.transport.ServiceConnection getServiceConnection()