VS2010/EIAS/EIAS.Android2.0/Code/proguard/mapping.txt
com.yunfang.eias.BuildConfig -> com.yunfang.eias.BuildConfig:
    boolean DEBUG -> DEBUG
com.yunfang.eias.Manifest -> com.yunfang.eias.Manifest:
com.yunfang.eias.Manifest$permission -> com.yunfang.eias.Manifest$permission:
    java.lang.String BAIDU_LOCATION_SERVICE -> BAIDU_LOCATION_SERVICE
com.yunfang.eias.R -> com.yunfang.eias.R:
com.yunfang.eias.R$anim -> com.yunfang.eias.R$anim:
    int camera_focusview_show -> camera_focusview_show
    int camera_tempview_show -> camera_tempview_show
    int enter_anim -> enter_anim
    int exit_anim -> exit_anim
    int popupwindow_enter -> popupwindow_enter
    int popupwindow_exit -> popupwindow_exit
    int progress_round -> progress_round
    int push_bottom_in -> push_bottom_in
    int push_bottom_out -> push_bottom_out
    int reverse_anim -> reverse_anim
    int rotating -> rotating
    int slide_bottom_in -> slide_bottom_in
    int slide_left_in -> slide_left_in
    int slide_left_out -> slide_left_out
    int slide_right_in -> slide_right_in
    int slide_right_out -> slide_right_out
    int slide_top_out -> slide_top_out
com.yunfang.eias.R$array -> com.yunfang.eias.R$array:
    int open_dialog_hubby -> open_dialog_hubby
    int open_dialog_menu1 -> open_dialog_menu1
    int open_dialog_menu2 -> open_dialog_menu2
    int photo_item_select -> photo_item_select
    int photo_select -> photo_select
    int record_select -> record_select
    int video_select -> video_select
com.yunfang.eias.R$attr -> com.yunfang.eias.R$attr:
    int animat_id -> animat_id
    int border_inside_color -> border_inside_color
    int border_outside_color -> border_outside_color
    int border_thickness -> border_thickness
    int drag_edge -> drag_edge
    int edgeSlide -> edgeSlide
    int edgeSlideWidth -> edgeSlideWidth
    int editText -> editText
    int focus_fail_id -> focus_fail_id
    int focus_focusing_id -> focus_focusing_id
    int focus_success_id -> focus_success_id
    int interpolator -> interpolator
    int layout_role -> layout_role
    int mapMaxZoomSize -> mapMaxZoomSize
    int mapMinZoomSize -> mapMinZoomSize
    int mapZoomSize -> mapZoomSize
    int primaryShadowDrawable -> primaryShadowDrawable
    int primaryShadowWidth -> primaryShadowWidth
    int scatterPieSize -> scatterPieSize
    int secondaryShadowWidth -> secondaryShadowWidth
    int selectPoint -> selectPoint
    int sencondaryShadowDrawable -> sencondaryShadowDrawable
    int showAddressControl -> showAddressControl
    int showBaiduLogo -> showBaiduLogo
    int showResetloc -> showResetloc
    int showScaleControl -> showScaleControl
    int showZoomControls -> showZoomControls
    int show_mode -> show_mode
    int showlocFollowing -> showlocFollowing
    int slideDirection -> slideDirection
    int slideMenuStyle -> slideMenuStyle
...
android.support.v4.app.ShareCompat$ShareCompatImplICS -> android.support.v4.app.ShareCompat$ShareCompatImplICS:
    125:130:void configureMenuItem(android.view.MenuItem,android.support.v4.app.ShareCompat$IntentBuilder) -> configureMenuItem
    133:133:boolean shouldAddChooserIntent(android.view.MenuItem) -> shouldAddChooserIntent
android.support.v4.app.ShareCompat$ShareCompatImplJB -> android.support.v4.app.ShareCompat$ShareCompatImplJB:
    139:139:java.lang.String escapeHtml(java.lang.CharSequence) -> escapeHtml
    144:144:boolean shouldAddChooserIntent(android.view.MenuItem) -> shouldAddChooserIntent
android.support.v4.app.ShareCompatICS -> android.support.v4.app.ShareCompatICS:
    java.lang.String HISTORY_FILENAME_PREFIX -> HISTORY_FILENAME_PREFIX
    29:40:void configureMenuItem(android.view.MenuItem,android.app.Activity,android.content.Intent) -> configureMenuItem
android.support.v4.app.ShareCompatJB -> android.support.v4.app.ShareCompatJB:
    23:23:java.lang.String escapeHtml(java.lang.CharSequence) -> escapeHtml
android.support.v4.app.SuperNotCalledException -> android.support.v4.app.SuperNotCalledException:
android.support.v4.app.TaskStackBuilder -> android.support.v4.app.TaskStackBuilder:
    java.lang.String TAG -> TAG
    android.support.v4.app.TaskStackBuilder$TaskStackBuilderImpl IMPL -> IMPL
    java.util.ArrayList mIntents -> mIntents
    android.content.Context mSourceContext -> mSourceContext
    137:137:android.support.v4.app.TaskStackBuilder create(android.content.Context) -> create
    150:150:android.support.v4.app.TaskStackBuilder from(android.content.Context) -> from
    161:162:android.support.v4.app.TaskStackBuilder addNextIntent(android.content.Intent) -> addNextIntent
    178:186:android.support.v4.app.TaskStackBuilder addNextIntentWithParentStack(android.content.Intent) -> addNextIntentWithParentStack
    197:215:android.support.v4.app.TaskStackBuilder addParentStack(android.app.Activity) -> addParentStack
    226:226:android.support.v4.app.TaskStackBuilder addParentStack(java.lang.Class) -> addParentStack
    238:249:android.support.v4.app.TaskStackBuilder addParentStack(android.content.ComponentName) -> addParentStack
    256:256:int getIntentCount() -> getIntentCount
    270:270:android.content.Intent getIntent(int) -> getIntent
    282:282:android.content.Intent editIntentAt(int) -> editIntentAt
    289:289:java.util.Iterator iterator() -> iterator
    301:302:void startActivities() -> startActivities
    316:330:void startActivities(android.os.Bundle) -> startActivities
    344:344:android.app.PendingIntent getPendingIntent(int,int) -> getPendingIntent
android.support.v4.app.TaskStackBuilder$SupportParentable -> android.support.v4.app.TaskStackBuilder$SupportParentable:
    android.content.Intent getSupportParentActivityIntent() -> getSupportParentActivityIntent
android.support.v4.app.TaskStackBuilder$TaskStackBuilderImpl -> android.support.v4.app.TaskStackBuilder$TaskStackBuilderImpl:
    android.app.PendingIntent getPendingIntent(android.content.Context,android.content.Intent[],int,int,android.os.Bundle) -> getPendingIntent
android.support.v4.app.TaskStackBuilder$TaskStackBuilderImplBase -> android.support.v4.app.TaskStackBuilder$TaskStackBuilderImplBase:
    84:86:android.app.PendingIntent getPendingIntent(android.content.Context,android.content.Intent[],int,int,android.os.Bundle) -> getPendingIntent
android.support.v4.app.TaskStackBuilder$TaskStackBuilderImplHoneycomb -> android.support.v4.app.TaskStackBuilder$TaskStackBuilderImplHoneycomb:
    93:96:android.app.PendingIntent getPendingIntent(android.content.Context,android.content.Intent[],int,int,android.os.Bundle) -> getPendingIntent
android.support.v4.app.TaskStackBuilder$TaskStackBuilderImplJellybean -> android.support.v4.app.TaskStackBuilder$TaskStackBuilderImplJellybean:
    104:107:android.app.PendingIntent getPendingIntent(android.content.Context,android.content.Intent[],int,int,android.os.Bundle) -> getPendingIntent