VS2010/EIAS/EIAS.Android2.0/Code/proguard/usage.txt
com.yunfang.eias.base.EIASApplication:
    449:452:protected void StopService()
com.yunfang.eias.http.task.AdditionalResourceTask
com.yunfang.eias.impl.ContactItemInterface
com.yunfang.eias.logic.AppHeader2
com.yunfang.eias.logic.CompressImageOperator
com.yunfang.eias.model.MapPointObj:
    private static final long serialVersionUID
com.yunfang.eias.tables.TaskDataWorker:
    524:530:private static java.lang.Boolean hasTaskDataItem(com.yunfang.eias.model.TaskDataItem,java.lang.Boolean)
com.yunfang.eias.ui.Adapter.DataLogListAdapter$ViewHolder:
    android.widget.TextView log_item_concent2
com.yunfang.eias.ui.CameraActivity:
    374:379:private void savePhoto(java.lang.String)
com.yunfang.eias.ui.HomeFragment:
    private android.widget.ScrollView mScrollView
    570:576:private void invisibleTaskInfoByOffline()
com.yunfang.eias.ui.MainSettingActivity:
    private static final int TASK_CHECK_VERSION
com.yunfang.eias.ui.ShowMediaListFragment:
    562:562:private android.content.DialogInterface$OnClickListener dialogListener()
    600:602:private void getFileOfMediaLib()
    173:173:static synthetic int access$10(com.yunfang.eias.ui.ShowMediaListFragment)
com.yunfang.eias.ui.ShowMediaListFragment$12
com.yunfang.eias.ui.ShowPhotoFragment:
    346:395:private java.lang.Boolean compressImage(java.io.File)
com.yunfang.eias.ui.ShowVideoFragment:
    262:268:private java.lang.String getSeleteDataItem(java.lang.String)
com.yunfang.eias.ui.SystemSettingActivity:
    private static final int CHANGE_SETTING
com.yunfang.eias.ui.UserInfoActivity:
    private static final int TASK_IMAGE_REQUEST_CODE
    private static final int TASK_CAMERA_REQUEST_CODE
    private static final int TASK_RESULT_REQUEST_CODE
    private static final int TASK_CHANGE_PASSWORD
    private static final int TASK_CHANGE_USER_IMAGE
    private static final int TASK_CHECK_VERSION
    private static final java.lang.String IMAGE_FILE_NAME
    private static final java.lang.String IMAGE_FILE_TEMPNAME
...
org.ksoap2.transport.ServiceConnectionSE
org.ksoap2.transport.Transport:
    protected static final java.lang.String CONTENT_TYPE_XML_CHARSET_UTF_8
    protected static final java.lang.String CONTENT_TYPE_SOAP_XML_CHARSET_UTF_8
    protected static final java.lang.String USER_AGENT
    115:123:protected void parseResponse(org.ksoap2.SoapEnvelope,java.io.InputStream)
    129:142:protected byte[] createRequestData(org.ksoap2.SoapEnvelope,java.lang.String)
    148:148:protected byte[] createRequestData(org.ksoap2.SoapEnvelope)
org.kxml2.io.KXmlParser
org.kxml2.io.KXmlSerializer
org.kxml2.kdom.Document
org.kxml2.wap.Wbxml
org.kxml2.wap.WbxmlParser:
    static final java.lang.String HEX_DIGITS
    private static final java.lang.String UNEXPECTED_EOF
    private static final java.lang.String ILLEGAL_TYPE
org.kxml2.wap.WbxmlSerializer:
    java.lang.String name
    java.lang.String namespace
org.xclcharts.chart.ArcLineChart
org.xclcharts.chart.AreaChart
org.xclcharts.chart.AreaData
org.xclcharts.chart.BarChart:
    private static final java.lang.String TAG
    279:287:protected int getDataAxisDetailSetMaxSize()
    293:294:protected int getDataTickCount()
org.xclcharts.chart.BarChart3D
org.xclcharts.chart.BubbleChart
org.xclcharts.chart.CircleChart
org.xclcharts.chart.DialChart
org.xclcharts.chart.DountChart
org.xclcharts.chart.FunnelChart
org.xclcharts.chart.FunnelData
org.xclcharts.chart.GaugeChart
org.xclcharts.chart.LineChart:
    private static final java.lang.String TAG
org.xclcharts.chart.PieChart:
    private static final java.lang.String TAG
org.xclcharts.chart.PieChart3D
org.xclcharts.chart.RadarChart
org.xclcharts.chart.RangeBarChart
org.xclcharts.chart.RangeBarData
org.xclcharts.chart.RoseChart
org.xclcharts.chart.SplineChart
org.xclcharts.chart.SplineData
org.xclcharts.chart.StackBarChart
org.xclcharts.common.CurveHelper
org.xclcharts.common.DensityUtil:
    37:37:private DensityUtil()
org.xclcharts.common.MathHelper:
    private static final int DEFAULT_DIV_SCALE
org.xclcharts.common.PointHelper
org.xclcharts.event.click.ChartArcListener
org.xclcharts.event.click.ChartBarListener
org.xclcharts.event.click.ChartPointListener
org.xclcharts.event.click.PositionListener
org.xclcharts.event.click.PositionRecord:
    protected abstract boolean compareRange(float,float)
org.xclcharts.event.touch.IChartTouch
org.xclcharts.renderer.CirChart:
    private static final java.lang.String TAG
org.xclcharts.renderer.EventChart:
    private static final java.lang.String TAG
    146:146:protected int getSelected()
    152:154:protected void savePointRecord(int,int,float,float,android.graphics.RectF)
    192:201:protected void saveBarRecord(int,int,float,float,android.graphics.RectF)
org.xclcharts.renderer.IRender
org.xclcharts.renderer.LnChart:
    private static final java.lang.String TAG
    private android.graphics.PointF[] BezierControls
    403:485:protected void renderBezierCurveLine(android.graphics.Canvas,android.graphics.Paint,android.graphics.Path,java.util.List)
    490:504:private void renderBezierCurvePath(android.graphics.Canvas,android.graphics.Paint,android.graphics.Path,android.graphics.PointF,android.graphics.PointF,android.graphics.PointF[])
    514:536:protected void bezierCurvePathAxisMinValue(android.graphics.Path,android.graphics.PointF,android.graphics.PointF,android.graphics.PointF[])
org.xclcharts.renderer.RdChart
org.xclcharts.renderer.axis.RoundAxis
org.xclcharts.renderer.axis.RoundAxisRender
org.xclcharts.renderer.bar.Bar:
    private static final java.lang.String TAG
org.xclcharts.renderer.bar.Bar3D
org.xclcharts.renderer.bar.FlatBar:
    private static final java.lang.String TAG
org.xclcharts.renderer.info.DyInfo:
    private static final java.lang.String TAG
org.xclcharts.renderer.line.PlotCustomLine:
    private static final java.lang.String TAG
    private static final int CAPSIZE
org.xclcharts.renderer.plot.Border:
    protected static final int mBorderSpadding